<?xml version="1.0" encoding="utf-8"?><testsuites name="pytest tests"><testsuite name="pytest" errors="0" failures="0" skipped="0" tests="6" time="1.069" timestamp="2026-03-12T02:53:14.735390+00:00" hostname="agent-env-a658116c-1415-4e6c-b9ff-62560b43c38f"><testcase classname="backend.tests.test_escola_cruzeiro.TestContactAPI" name="test_post_contact_success" time="0.277" /><testcase classname="backend.tests.test_escola_cruzeiro.TestContactAPI" name="test_post_contact_missing_required" time="0.151" /><testcase classname="backend.tests.test_escola_cruzeiro.TestContactAPI" name="test_get_contacts" time="0.137" /><testcase classname="backend.tests.test_escola_cruzeiro.TestContactAPI" name="test_get_contacts_has_submission" time="0.113" /><testcase classname="backend.tests.test_escola_cruzeiro.TestContactAPI" name="test_contact_no_id_field" time="0.122" /><testcase classname="backend.tests.test_escola_cruzeiro.TestHealthAPI" name="test_api_root" time="0.159" /></testsuite></testsuites>